<?xml version="1.0" encoding="UTF-8"?>
<!-- Generated by org.testng.reporters.JUnitReportReporter -->
<testsuite hostname="DESKTOP-3BL6A4A" failures="0" tests="1" name="smokeTest.Checkout" time="33.095" errors="0" timestamp="2024-02-22T21:08:59 EET" skipped="0">
  <testcase classname="smokeTest.Checkout" name="checkoutTest" time="33.095"/>
  <system-out/>
</testsuite> <!-- smokeTest.Checkout -->
