<?xml version="1.0" encoding="UTF-8"?>
<!-- Generated by org.testng.reporters.JUnitReportReporter -->
<testsuite hostname="DESKTOP-3BL6A4A" failures="0" tests="1" name="smokeTest.Checkout" time="35.195" errors="0" timestamp="2024-02-18T16:49:03 EET" skipped="0">
  <testcase classname="smokeTest.Checkout" name="checkoutTest" time="35.195"/>
  <system-out/>
</testsuite> <!-- smokeTest.Checkout -->
