<?xml version="1.0" encoding="UTF-8"?>
<!-- Generated by org.testng.reporters.JUnitReportReporter -->
<testsuite hostname="DESKTOP-3BL6A4A" failures="0" tests="1" name="smokeTest.Checkout" time="34.524" errors="0" timestamp="2024-02-18T03:31:57 EET" skipped="0">
  <testcase classname="smokeTest.Checkout" name="checkoutTest" time="34.524"/>
  <system-out/>
</testsuite> <!-- smokeTest.Checkout -->
